0 info it worked if it ends with ok
1 verbose cli [ '/Users/nordgrenh/.nvm/versions/node/v7.7.1/bin/node',
1 verbose cli   '/Users/nordgrenh/.nvm/versions/node/v7.7.1/bin/npm',
1 verbose cli   'publish' ]
2 info using npm@4.1.2
3 info using node@v7.7.1
4 verbose publish [ '.' ]
5 silly cache add args [ '.', null ]
6 verbose cache add spec .
7 silly cache add parsed spec Result {
7 silly cache add   raw: '.',
7 silly cache add   scope: null,
7 silly cache add   escapedName: null,
7 silly cache add   name: null,
7 silly cache add   rawSpec: '.',
7 silly cache add   spec: '/Users/nordgrenh/Documents/tester-pkg',
7 silly cache add   type: 'directory' }
8 verbose addLocalDirectory /Users/nordgrenh/.npm/tester-pkg/1.0.2/package.tgz not in flight; packing
9 verbose correctMkdir /Users/nordgrenh/.npm correctMkdir not in flight; initializing
10 info lifecycle tester-pkg@1.0.2~prepublish: tester-pkg@1.0.2
11 silly lifecycle tester-pkg@1.0.2~prepublish: no script for prepublish, continuing
12 info lifecycle tester-pkg@1.0.2~prepare: tester-pkg@1.0.2
13 silly lifecycle tester-pkg@1.0.2~prepare: no script for prepare, continuing
14 verbose tar pack [ '/Users/nordgrenh/.npm/tester-pkg/1.0.2/package.tgz',
14 verbose tar pack   '/Users/nordgrenh/Documents/tester-pkg' ]
15 verbose tarball /Users/nordgrenh/.npm/tester-pkg/1.0.2/package.tgz
16 verbose folder /Users/nordgrenh/Documents/tester-pkg
17 verbose addLocalTarball adding from inside cache /Users/nordgrenh/.npm/tester-pkg/1.0.2/package.tgz
18 verbose correctMkdir /Users/nordgrenh/.npm correctMkdir not in flight; initializing
19 silly cache afterAdd tester-pkg@1.0.2
20 verbose afterAdd /Users/nordgrenh/.npm/tester-pkg/1.0.2/package/package.json not in flight; writing
21 verbose correctMkdir /Users/nordgrenh/.npm correctMkdir not in flight; initializing
22 verbose afterAdd /Users/nordgrenh/.npm/tester-pkg/1.0.2/package/package.json written
23 silly publish { name: 'tester-pkg',
23 silly publish   version: '1.0.2',
23 silly publish   description: '',
23 silly publish   main: 'gulpfile.js',
23 silly publish   scripts: { test: 'echo "Error: no test specified" && exit 1' },
23 silly publish   author: '',
23 silly publish   license: 'ISC',
23 silly publish   dependencies:
23 silly publish    { gulp: '^3.9.1',
23 silly publish      'gulp-sass': '^3.1.0',
23 silly publish      'gulp-sourcemaps': '^2.6.0',
23 silly publish      'node-sass': '^4.5.3' },
23 silly publish   gitHead: '04d750187085924475e95dfcf606100d77a28304',
23 silly publish   readme: 'ERROR: No README data found!',
23 silly publish   _id: 'tester-pkg@1.0.2',
23 silly publish   _shasum: '3554be3fb9a680451c2aedc14748eeb7f0498df3',
23 silly publish   _from: '.' }
24 info lifecycle tester-pkg@1.0.2~prepublishOnly: tester-pkg@1.0.2
25 silly lifecycle tester-pkg@1.0.2~prepublishOnly: no script for prepublishOnly, continuing
26 verbose getPublishConfig undefined
27 silly mapToRegistry name tester-pkg
28 silly mapToRegistry using default registry
29 silly mapToRegistry registry https://registry.npmjs.org/
30 silly mapToRegistry data Result {
30 silly mapToRegistry   raw: 'tester-pkg',
30 silly mapToRegistry   scope: null,
30 silly mapToRegistry   escapedName: 'tester-pkg',
30 silly mapToRegistry   name: 'tester-pkg',
30 silly mapToRegistry   rawSpec: '',
30 silly mapToRegistry   spec: 'latest',
30 silly mapToRegistry   type: 'tag' }
31 silly mapToRegistry uri https://registry.npmjs.org/tester-pkg
32 verbose publish registryBase https://registry.npmjs.org/
33 silly publish uploading /Users/nordgrenh/.npm/tester-pkg/1.0.2/package.tgz
34 verbose request uri https://registry.npmjs.org/tester-pkg
35 verbose request sending authorization for write operation
36 info attempt registry request try #1 at 5:27:36 PM
37 verbose request using bearer token for auth
38 verbose request id 7f96ab4f01452352
39 http request PUT https://registry.npmjs.org/tester-pkg
40 http 403 https://registry.npmjs.org/tester-pkg
41 verbose headers { 'content-type': 'application/json',
41 verbose headers   'cache-control': 'max-age=300',
41 verbose headers   'content-length': '95',
41 verbose headers   'accept-ranges': 'bytes',
41 verbose headers   date: 'Fri, 11 Aug 2017 21:27:36 GMT',
41 verbose headers   via: '1.1 varnish',
41 verbose headers   connection: 'keep-alive',
41 verbose headers   'x-served-by': 'cache-jfk8137-JFK',
41 verbose headers   'x-cache': 'MISS',
41 verbose headers   'x-cache-hits': '0',
41 verbose headers   'x-timer': 'S1502486856.433073,VS0,VE536',
41 verbose headers   vary: 'Accept-Encoding, Accept' }
42 verbose request invalidating /Users/nordgrenh/.npm/registry.npmjs.org/tester-pkg on PUT
43 error publish Failed PUT 403
44 verbose stack Error: "You cannot publish over the previously published version 1.0.2." : tester-pkg
44 verbose stack     at makeError (/Users/nordgrenh/.nvm/versions/node/v7.7.1/lib/node_modules/npm/node_modules/npm-registry-client/lib/request.js:304:12)
44 verbose stack     at CachingRegistryClient.<anonymous> (/Users/nordgrenh/.nvm/versions/node/v7.7.1/lib/node_modules/npm/node_modules/npm-registry-client/lib/request.js:292:14)
44 verbose stack     at Request._callback (/Users/nordgrenh/.nvm/versions/node/v7.7.1/lib/node_modules/npm/node_modules/npm-registry-client/lib/request.js:212:14)
44 verbose stack     at Request.self.callback (/Users/nordgrenh/.nvm/versions/node/v7.7.1/lib/node_modules/npm/node_modules/request/request.js:186:22)
44 verbose stack     at emitTwo (events.js:106:13)
44 verbose stack     at Request.emit (events.js:194:7)
44 verbose stack     at Request.<anonymous> (/Users/nordgrenh/.nvm/versions/node/v7.7.1/lib/node_modules/npm/node_modules/request/request.js:1081:10)
44 verbose stack     at emitOne (events.js:96:13)
44 verbose stack     at Request.emit (events.js:191:7)
44 verbose stack     at IncomingMessage.<anonymous> (/Users/nordgrenh/.nvm/versions/node/v7.7.1/lib/node_modules/npm/node_modules/request/request.js:1001:12)
45 verbose statusCode 403
46 verbose pkgid tester-pkg
47 verbose cwd /Users/nordgrenh/Documents/tester-pkg
48 error Darwin 16.6.0
49 error argv "/Users/nordgrenh/.nvm/versions/node/v7.7.1/bin/node" "/Users/nordgrenh/.nvm/versions/node/v7.7.1/bin/npm" "publish"
50 error node v7.7.1
51 error npm  v4.1.2
52 error code E403
53 error "You cannot publish over the previously published version 1.0.2." : tester-pkg
54 error If you need help, you may report this error at:
54 error     <https://github.com/npm/npm/issues>
55 verbose exit [ 1, true ]
